0
3872
2020
2359
1328
2362
1222
2120
3283
1652
1537
1600
1490
1310
2381
2178
3018
4175
6699
4152
3886
3145
3216
1559
842
733
770
801
653
499
699
558
546
407
446
436
521
670
1690
380
1203
762
998
2965
1472
1362
1964
3096
1721
1671
2371
1065
2329
1885
1736
1728
1629
1839
1311
1519
1513
1716
2115
1196
1202
1540
1512
1051
1075
910
769
1120
1400
924
1155
1015
1225
1220
1446
1094
1236
1393
2867
1477
1130
1801
1273
1510
1400
1548
1569
2195
2100
2989
1547
1289
1095
2973
1149
802
1072
965
1040
1347
922
421
2348
940
1376
1001
1127
873
1521
1047
1798
2196
2058
2415
2242
3577
3925
1932
1796
2149
1980
2321
3014
4810
2802
2858
2972
1494
2345
2918
2849
3143
2501
3698
1712
4673
5183
2773
3029
2345
2253
2715
3174
2875
1758
1823
1686
1879
1806
1834
1972
1671
2152
1294
1953
972
1912
749
3039
2314
1805
1495
1534
1365
1262
1454
1086
1454
718
1486
707
1261
781
1827
1611
1559
1029
1512
764
823
1668
1917
1393
1699
1629
1678
1363
2862
4423
4149
2474
4115
3499
4297
2613
2965
2712
3239
2128
2336
3776
3249
2222
1634
1648
2051
2820
2002
1815
1754
1500
1906
1567
1500
1430
2339
1378
3226
3626
2613
4413
2379
2946
2277
2753
3260
2973
3063
2561
2887
2428
2981
3117
2913
3964
2304
1483
2343
1289
1082
1768
1531
1148
1706
1635
4624
2016
1939
692
1961
775
866
1070
1617
481
1289
1303
1633
802
551
512
912
524
2431
3451
4233
5084
5458
6472
6821
9332
993
728
1273
2388
1180
1162
1245
1356
661
779
522
479
525
577
1008
1589
738
1314
1027
680
1285
949
742
2589
1261
1281
1124
935
483
1158
497
1029
1198
480
630
806
895
759
774
1033
790
946
195
474
482
238
398
589
285
357
573
375
353
847
872
853
1552
887
603
930
703
789
713
639
521
1109
1382
1160
4235
3740
744
860
997
1533
2132
931
878
2042
961
615
1255
2822
3842
4114
4273
5254
1640
1132
1549
1632
1347
2168
926
806
1166
905
2483
1267
995
1202
1078
1195
2513
3077
4595
3294
2827
1777
1268
932
408
1228
470
586
468
3983
544
2604
361
795
710
491
1127
394
547
843
571
1308
2813
783
861
714
2312
1311
2424
1344
4091
1558
1923
3101
4830
3145
4212
2689
1621
2083
1580
2347
1694
5969
8617
3888
1736
1656
3713
2949
4341
5105
4761
4979
3501
4204
4854
5625
6077
7657
7385
7981
7625
5297
3102
3225
6114
3800
3609
3243
3820
3690
2636
2979
2963
2321
2903
2509
4390
5003
2722
1369
1729
2077
1947
2734
2807
1739
2279
1110
1709
3335
6514
2927
4181
2718
1783
2385
3675
2497
2079
1297
3730
2477
2231
3656
2271
2397
2570
5145
6963
8509
9671
2600
2418
3559
3670
6652
6284
4865
4499
5549
3833
6052
4577
4922
4066
5608
2556
1546
1589
1952
1421
2277
1934
1648
2100
2814
2124
1718
2323
1472
1449
1334
1215
1148
1746
921
991
1246
1620
1970
1910
1860
3402
1728
1398
1741
1961
1382
1715
1916
2459
3542
2521
1772
2264
1114
763
1287
2484
2160
2385
2224
1778
1839
1645
2080
2055
4352
3203
3705
2049
2858
4147
7867
9227
4951
4283
4999
4416
5164
3310
3168
4215
2573
2060
1258
1742
1522
1830
3211
2254
2734
2491
2140
3656
2030
3337
3729
3362
2748
1551
2224
2624
1767
1439
3765
826
597
774
656
897
822
707
0
1544
942
601
1003
843
913
1327
1094
1197
2919
879
859
1857
1425
1834
1691
2341
3506
4441
2024
2368
1238
2607
2926
3399
1577
928
2377
2689
4544
13329
1765
1799
1940
2192
5602
3527
3276
2785
2759
2131
2476
2081
1451
1722
1719
2994
2413
1976
1710
3292
2180
3557
4497
1873
1809
1928
1924
3122
1849
1992
1945
2164
2113
964
1057
576
576
674
633
760
2154
4925
1103
1319
914
1352
1744
607
869
796
960
777
750
752
923
1824
3119
2266
3005
2907
2450
2759
3817
2739
3271
2476
1426
2895
2346
2293
2143
2717
4301
1943
3926
2696
2418
2488
2291
4391
3759
16202
3799
4566
2908
3857
3610
5205
8410
6383
3075
3247
1918
3234
3979
3000
2006
1615
1599
3123
1552
999
1687
1945
2447
2126
1409
1026
690
1118
2281
1192
1937
1612
1434
1372
1852
1335
1379
1743
1228
1074
1055
901
1400
1530
1857
1351
1304
775
1441
708
717
774
2151
1287
2637
3731
2585
1439
1230
1035
1656
2024
2015
2412
2573
1959
3007
2591
1566
2858
2403
3122
1388
1455
1576
1573
2077
1975
1809
1473
2023
2362
2273
2665
1214
1516
901
1225
1587
2467
2323
2321
1326
1161
1149
1439
1280
1424
664
614
733
837
1414
1751
1849
1426
756
875
887
2683
942
1031
1293
1596
922
1786
1340
1604
2054
1650
1729
2163
2528
2439
2014
1892
2423
2263
1567
2180
3789
1171
1541
1393
1209
910
1873
1895
783
1195
2082
2250
2556
1491
1405
1455
1866
1225
2201
1941
1868
2415
1868
2319
1914
1915
1694
1653
1841
1679
1307
1836
1143
1341
1430
1454
864
859
871
1063
663
1126
1149
1944
979
1154
1187
1308
1789
1473
927
1315
1458
1209
865
1505
1340
1127
1104
1828
1573
2006
2540
1464
2140
2333
2124
2363
2142
2258
5001
6231
3746
1773
2155
6719
2724
1644
2139
3168
2654
2355
3894
3589
2319
1645
2549
1461
2246
1438
3045
3128
2549
2260
6832
3053
3036
3930
6647
3906
7978
4352
4676
4939
3894
4374
5169
4179
3893
4637
1761
3701
2155
2626
1731
6811
3574
1538
2402
1335
1113
1942
2170
1908
2244
1677
1671
2058
1781
2091
2021
2107
2052
1765
2466
2832
2217
1183
4744
1697
1610
1713
2655
2284
2228
3641
1582
2450
1832
2110
2895
2748
2576
2262
1387
2139
3452
2232
3567
1573
4361
1911
3206
2979
3081
2972
2835
1976
1505
2064
2852
2695
4136
4075
4732
3140
2838
2615
2564
1818
2175
1895
1636
1950
1879
1778
1479
2089
1900
2899
1777
1523
2800
2030
2116
2222
2379
2746
2947
2585
1430
2166
2681
2842
3088
3323
3968
2424
3415
2085
2820
3798
2674
2335
6515
5818
5953
3085
3439
2589
3720
5169
4795
5604
4345
5728
5108
4049
10200
2994
4869
4911
3065
4154
3467
5706
2555
3285
2321
3032
2930
2476
1695
3140
2665
2213
2234
2636
1722
1718
1990
1755
2100
2100
2088
2084
1935
1649
2216
2799
1734
2151
2312
1771
2306
2681
2036
3370
2782
1663
3046
3546
2254
3375
4292
3119
2923
1461
2203
5152
2551
4506
4113
2065
1892
5019
6802
2274
4079
3704
1913
1935
2473
5734
5962
2685
2422
3193
4994
3369
3150
3462
2748
3236
3918
3026
3035
2663
3535
4486
3386
3730
4256
2960
2718
3449
4352
2214
3411
3341
2903
3863
4523
4330
3352
2036
2650
1577
1923
2310
6082
2627
1075
1030
1838
1905
1071
1703
2010
1198
2515
1863
2927
3331
2030
2039
3689
2594
2193
2615
2926
2695
3054
2731
2897
3307
2736
2697
3734
3447
5122
4684
4414
3615
2564
1694
4006
2868
2551
2373
3769
3750
2695
2651
3432
2356
3637
7487
5724
5148
4277
3506
5659
4431
5195
4893
3944
3402
3577
3079
4055
4516
3342
3815
2779
2605
2988
3199
2919
2698
2613
3146
3373
3073
3063
4073
4642
3987
2749
6987
10478
1401
3414
3292
2446
1980
2568
2229
2974
1614
1926
1308
2462
2241
2088
1437
1718
2110
3136
3682
3231
3259
3141
3762
4171
3235
3484
3144
4733
4072
2513
2653
2517
1983
2950
2562
2890
3309
2189
2742
2447
2076
2331
3265
13481
13094
13765
5328
2539
2684
2695
3308
3285
3329
2890
2648
2838
2804
3079
2334
1589
1905
1854
1691
2229
3396
3092
5943
2444
1313
1190
1740
1332
3532
1696
2303
3298
1887
1784
1638
1808
1692
1319
1261
1487
1553
1521
1688
2577
2019
2141
2561
2498
1856
1633
1665
1584
1653
1621
2059
2126
2299
2189
1816
2401
2131
2190
2414
2785
2824
2814
2799
2099
2846
2958
1841
1996
1839
2065
2445
2300
2383
2056
1876
3252
2389
2397
2816
5216
2657
2347
1649
2015
1750
1638
1940
1710
1845
1621
3490
1564
1418
4859
2639
1891
1307
921
1027
1301
1140
1654
1357
4389
1716
1675
1420
4261
1544
2969
1405
2242
3104
3358
3541
3396
2260
2017
1335
1817
2431
2452
1930
1368
1892
1478
1127
1759
2015
1320
5664
1803
3107
4354
3824
4029
2226
2970
3303
2526
2731
1920
2383
2105
2761
2816
2300
4198
3191
3057
3028
1792
2005
1935
1843
2198
1668
1577
1308
1973
1260
1414
1247
1436
971
1092
1654
7850
1775
1200
1165
2112
1638
2820
3328
1214
1235
2181
2412
1057
1740
1952
1833
1635
2053
2740
3101
2591
2272
2004
2289
1922
2076
3897
2566
1785
2116
1941
1908
1569
1361
1453
1517
2227
1778
2664
2968
1748
1873
1655
2054
3335
4433
5903
3188
2145
2318
1769
2308
2114
2288
2146
2277
1488
847
862
2233
812
1018
1171
1733
947
1705
773
1512
1032
1086
1642
1455
1216
998
2002
3814
3368
1310
2109
2021
1317
1412
2964
3530
2429
4143
3389
3516
2328
4423
4068
2081
1904
3177
2461
1614
3069
1760
1757
2523
3736
2772
3202
3839
3265
2232
3875
2553
2515
3390
2959
3360
3754
2326
4852
3114
3943
2712
2231
1624
1856
1850
1946
1849
2038
2708
6012
12775
12024
12124
4850
1358
1784
2061
2931
1148
1366
1773
2162
2059
2456
1470
1109
1660
1180
1104
2177
1641
1690
2021
1182
1781
1959
3940
1417
2003
2397
1299
2606
3188
2480
2506
2159
1934
3355
2395
4253
3557
1981
3028
2476
1839
1669
2454
3563
4646
4488
4588
4585
3596
4223
3059
3851
3537
4549
3087
2119
4027
2796
3288
3465
2335
4170
1891
2931
2698
2968
3494
1534
5745
3745
4009
4066
1199
975
2706
3945
1097
1385
1705
1502
1271
11703
1842
1256
912
1019
1154
1889
1991
1824
2845
829
1326
2041
1322
2003
1405
1810
3006
3128
6639
3487
2424
2979
4382
4083
4704
4052
3791
2898
4139
5961
3607
2792
3038
2988
4940
17845
2636
2344
4172
4944
2414
3578
3198
3053
5577
4238
3090
2136
1842
5625
3195
3014
1732
2254
2278
2563
1681
2676
2252
2186
2133
922
1169
890
1370
3486
898
2079
1415
1393
2394
1133
1091
3091
776
1214
1020
2054
4520
3816
6500
4379
4518
4722
3374
5687
3608
3255
3194
3347
1385
5663
4028
3349
1909
4281
1446
1397
961
2309
2255
1799
2119
1114
2099
2267
977
993
877
1333
921
1411
2640
3204
1582
851
1832
1458
2472
1494
1522
1723
1507
1702
1020
3671
1733
1333
1833
1820
1877
1425
705
939
585
978
876
770
805
398
2667
942
511
1087
1948
598
650
691
657
606
963
684
575
1601
2072
1463
1793
1884
1275
990
1229
2021
869
826
2520
1381
1277
1387
1160
1215
1214
8289
1748
2453
2673
1058
1834
1552
1208
1418
1433
1652
2016
2860
1346
2912
3366
1937
1754
2002
1072
1652
2251
1567
1667
1151
1446
1506
1254
4012
4735
1283
1820
1770
1421
1313
1228
1563
698
948
1086
671
5401
5076
1049
1002
4821
793
1404
2501
1033
775
869
1522
2144
1705
1916
3355
1372
1853
1715
2904
2169
1546
1819
2252
1967
2754
2429
2014
984
2913
2727
2196
2467
1158
2114
1929
1596
1139
1521
1200
1627
2264
3196
1985
1670
2458
3016
2436
1620
1701
1889
1850
1605
1492
1203
2961
2880
2113
1934
2203
1624
1857
1718
3081
1988
3233
2089
1959
2040
1986
3387
3946
2503
1387
1768
1468
1541
1480
1427
1281
1114
1092
1367
1330
1579
2427
2801
2090
1250
1360
1809
2166
2482
1701
2062
2080
2233
2624
2114
2587
1751
2824
3002
3001
2888
2717
3563
4573
5923
1871
6833
12101
8167
3564
4504
